<?xml version="1.0" encoding="UTF-8"?>
<!-- Generated by org.testng.reporters.JUnitXMLReporter -->
<testsuite ignored="0" hostname="MSI" failures="1" tests="2" name="Test" time="26.303" errors="0" timestamp="2024-08-31T12:58:11 CEST">
  <testcase classname="testCases.TC001_AccReg" name="accregistartion" time="2.254"/>
  <testcase classname="testCases.TC002_Login" name="Login" time="11.157">
    <failure type="java.lang.AssertionError" message="expected [true] but found [false]">
      <![CDATA[java.lang.AssertionError: expected [true] but found [false]
at testCases.TC002_Login.Login(TC002_Login.java:31)
at java.base/java.util.ArrayList.forEach(ArrayList.java:1597)
... Removed 29 stack frames]]>
    </failure>
  </testcase> <!-- Login -->
</testsuite> <!-- Test -->
