<?xml version="1.0" encoding="UTF-8"?>
<testng-results ignored="0" total="2" passed="2" failed="0" skipped="0">
  <reporter-output>
  </reporter-output>
  <suite started-at="2024-09-05T23:49:02 CEST" name="MasterSuite" finished-at="2024-09-05T23:49:21 CEST" duration-ms="18127">
    <groups>
    </groups>
    <test started-at="2024-09-05T23:49:02 CEST" name="Test" finished-at="2024-09-05T23:49:21 CEST" duration-ms="18127">
      <class name="testCases.TC005_SamsungToCart">
        <test-method is-config="true" signature="setup(java.lang.String,java.lang.String)[pri:0, instance:testCases.TC005_SamsungToCart@2d1dee39]" started-at="2024-09-05T23:49:12 CEST" name="setup" finished-at="2024-09-05T23:49:17 CEST" duration-ms="5278" status="PASS">
          <params>
            <param index="0">
              <value>
                <![CDATA[windows]]>
              </value>
            </param>
            <param index="1">
              <value>
                <![CDATA[chrome]]>
              </value>
            </param>
          </params>
          <reporter-output>
          </reporter-output>
        </test-method> <!-- setup -->
        <test-method signature="SamsungToCart()[pri:0, instance:testCases.TC005_SamsungToCart@2d1dee39]" started-at="2024-09-05T23:49:17 CEST" name="SamsungToCart" finished-at="2024-09-05T23:49:20 CEST" duration-ms="3425" status="PASS">
          <reporter-output>
          </reporter-output>
        </test-method> <!-- SamsungToCart -->
        <test-method is-config="true" signature="teardown()[pri:0, instance:testCases.TC005_SamsungToCart@2d1dee39]" started-at="2024-09-05T23:49:20 CEST" name="teardown" finished-at="2024-09-05T23:49:21 CEST" duration-ms="134" status="PASS">
          <reporter-output>
          </reporter-output>
        </test-method> <!-- teardown -->
      </class> <!-- testCases.TC005_SamsungToCart -->
      <class name="testCases.TC004_MacToCart">
        <test-method is-config="true" signature="setup(java.lang.String,java.lang.String)[pri:0, instance:testCases.TC004_MacToCart@54c62d71]" started-at="2024-09-05T23:49:03 CEST" name="setup" finished-at="2024-09-05T23:49:09 CEST" duration-ms="5859" status="PASS">
          <params>
            <param index="0">
              <value>
                <![CDATA[windows]]>
              </value>
            </param>
            <param index="1">
              <value>
                <![CDATA[chrome]]>
              </value>
            </param>
          </params>
          <reporter-output>
          </reporter-output>
        </test-method> <!-- setup -->
        <test-method signature="Addmac()[pri:0, instance:testCases.TC004_MacToCart@54c62d71]" started-at="2024-09-05T23:49:09 CEST" name="Addmac" finished-at="2024-09-05T23:49:12 CEST" duration-ms="3136" status="PASS">
          <reporter-output>
          </reporter-output>
        </test-method> <!-- Addmac -->
        <test-method is-config="true" signature="teardown()[pri:0, instance:testCases.TC004_MacToCart@54c62d71]" started-at="2024-09-05T23:49:12 CEST" name="teardown" finished-at="2024-09-05T23:49:12 CEST" duration-ms="114" status="PASS">
          <reporter-output>
          </reporter-output>
        </test-method> <!-- teardown -->
      </class> <!-- testCases.TC004_MacToCart -->
    </test> <!-- Test -->
  </suite> <!-- MasterSuite -->
</testng-results>
