<?xml version="1.0" encoding="UTF-8"?>
<testsuite xmlns:xsi="http://www.w3.org/2001/XMLSchema-instance" xsi:noNamespaceSchemaLocation="https://maven.apache.org/surefire/maven-surefire-plugin/xsd/surefire-test-report.xsd" version="3.0.2" name="TestSuite" time="15.629" tests="2" errors="0" skipped="0" failures="2">
  <properties>
[...]
</properties>
  <testcase name="Addmac" classname="testCases.TC004_MacToCart" time="0.085">
    <failure message="Unresolved compilation problem: &#10;	The type Extendreports must implement the inherited abstract method ITestListener.onTestStart(ITestResult)&#10;" type="java.lang.Error"><![CDATA[java.lang.Error: 
Unresolved compilation problem: 
	The type Extendreports must implement the inherited abstract method ITestListener.onTestStart(ITestResult)

	at utilities.Extendreports.onTestStart(Extendreports.java:22)
	at org.testng.internal.Invoker.runTestListeners(Invoker.java:1904)
	at org.testng.internal.Invoker.runTestListeners(Invoker.java:1879)
	at org.testng.internal.Invoker.invokeMethod(Invoker.java:685)
	at org.testng.internal.Invoker.invokeTestMethod(Invoker.java:901)
	at org.testng.internal.Invoker.invokeTestMethods(Invoker.java:1231)
	at org.testng.internal.TestMethodWorker.invokeTestMethods(TestMethodWorker.java:127)
	at org.testng.internal.TestMethodWorker.run(TestMethodWorker.java:111)
	at org.testng.TestRunner.privateRun(TestRunner.java:767)
	at org.testng.TestRunner.run(TestRunner.java:617)
	at org.testng.SuiteRunner.runTest(SuiteRunner.java:334)
	at org.testng.SuiteRunner.runSequentially(SuiteRunner.java:329)
	at org.testng.SuiteRunner.privateRun(SuiteRunner.java:291)
	at org.testng.SuiteRunner.run(SuiteRunner.java:240)
	at org.testng.SuiteRunnerWorker.runSuite(SuiteRunnerWorker.java:52)
	at org.testng.SuiteRunnerWorker.run(SuiteRunnerWorker.java:86)
	at org.testng.TestNG.runSuitesSequentially(TestNG.java:1224)
	at org.testng.TestNG.runSuitesLocally(TestNG.java:1149)
	at org.testng.TestNG.run(TestNG.java:1057)
	at org.apache.maven.surefire.testng.TestNGExecutor.run(TestNGExecutor.java:308)
	at org.apache.maven.surefire.testng.TestNGXmlTestSuite.execute(TestNGXmlTestSuite.java:71)
	at org.apache.maven.surefire.testng.TestNGProvider.invoke(TestNGProvider.java:113)
	at org.apache.maven.surefire.booter.ForkedBooter.runSuitesInProcess(ForkedBooter.java:385)
	at org.apache.maven.surefire.booter.ForkedBooter.execute(ForkedBooter.java:162)
	at org.apache.maven.surefire.booter.ForkedBooter.run(ForkedBooter.java:507)
	at org.apache.maven.surefire.booter.ForkedBooter.main(ForkedBooter.java:495)
]]></failure>
    <system-out><![CDATA[2024-09-05T12:49:16.860674800Z main DEBUG Apache Log4j Core 2.23 initializing configuration XmlConfiguration[location=C:\Workspace\Vee_learning\OpencartV1.1\target\test-classes\log4j2.xml]
2024-09-05T12:49:16.863015500Z main DEBUG PluginManager 'Core' found 131 plugins
2024-09-05T12:49:16.863015500Z main DEBUG PluginManager 'Level' found 0 plugins
2024-09-05T12:49:16.866029100Z main DEBUG Building Plugin[name=property, class=org.apache.logging.log4j.core.config.Property].
2024-09-05T12:49:16.874029700Z main DEBUG PluginManager 'TypeConverter' found 26 plugins
2024-09-05T12:49:16.878029500Z main DEBUG createProperty(name="basePath", value="./logs", Configuration(C:\Workspace\Vee_learning\OpencartV1.1\target\test-classes\log4j2.xml))
2024-09-05T12:49:16.879028900Z main DEBUG Building Plugin[name=properties, class=org.apache.logging.log4j.core.config.PropertiesPlugin].
2024-09-05T12:49:16.881030300Z main DEBUG configureSubstitutor(={basePath=./logs}, Configuration(C:\Workspace\Vee_learning\OpencartV1.1\target\test-classes\log4j2.xml))
2024-09-05T12:49:16.881030300Z main DEBUG PluginManager 'Lookup' found 16 plugins
2024-09-05T12:49:16.882028900Z main DEBUG Building Plugin[name=layout, class=org.apache.logging.log4j.core.layout.PatternLayout].
2024-09-05T12:49:16.887034700Z main DEBUG PatternLayout$Builder(pattern="%d{HH:mm:ss.SSS} [%t] %-5level %logger{36} - %msg%n", PatternSelector=null, Configuration(C:\Workspace\Vee_learning\OpencartV1.1\target\test-classes\log4j2.xml), Replace=null, charset="null", alwaysWriteExceptions="null", disableAnsi="null", noConsoleNoAnsi="null", header="null", footer="null")
2024-09-05T12:49:16.888034700Z main DEBUG PluginManager 'Converter' found 45 plugins
2024-09-05T12:49:16.888034700Z main DEBUG Building Plugin[name=appender, class=org.apache.logging.log4j.core.appender.ConsoleAppender].
2024-09-05T12:49:16.894030500Z main DEBUG ConsoleAppender$Builder(target="SYSTEM_OUT", follow="null", direct="null", bufferedIo="null", bufferSize="null", immediateFlush="null", ignoreExceptions="null", PatternLayout(%d{HH:mm:ss.SSS} [%t] %-5level %logger{36} - %msg%n), name="Console", Configuration(C:\Workspace\Vee_learning\OpencartV1.1\target\test-classes\log4j2.xml), Filter=null, ={})
2024-09-05T12:49:16.896029800Z main DEBUG Starting OutputStreamManager SYSTEM_OUT.false.false
2024-09-05T12:49:16.896029800Z main DEBUG Building Plugin[name=layout, class=org.apache.logging.log4j.core.layout.PatternLayout].
2024-09-05T12:49:16.897029300Z main DEBUG PatternLayout$Builder(pattern="%d{HH:mm:ss.SSS} [%t] %-5level %logger{36} - %msg%n", PatternSelector=null, Configuration(C:\Workspace\Vee_learning\OpencartV1.1\target\test-classes\log4j2.xml), Replace=null, charset="null", alwaysWriteExceptions="null", disableAnsi="null", noConsoleNoAnsi="null", header="null", footer="null")
2024-09-05T12:49:16.897029300Z main DEBUG Building Plugin[name=SizeBasedTriggeringPolicy, class=org.apache.logging.log4j.core.appender.rolling.SizeBasedTriggeringPolicy].
2024-09-05T12:49:16.899029300Z main DEBUG createPolicy(size="50000")
2024-09-05T12:49:16.900029800Z main DEBUG Building Plugin[name=appender, class=org.apache.logging.log4j.core.appender.FileAppender].
2024-09-05T12:49:16.901029100Z main DEBUG FileAppender$Builder(fileName="./logs/opencart.log", append="null", locking="null", advertise="null", advertiseUri="null", createOnDemand="null", filePermissions="null", fileOwner="null", fileGroup="null", bufferedIo="null", bufferSize="null", immediateFlush="null", ignoreExceptions="null", PatternLayout(%d{HH:mm:ss.SSS} [%t] %-5level %logger{36} - %msg%n), name="File", Configuration(C:\Workspace\Vee_learning\OpencartV1.1\target\test-classes\log4j2.xml), Filter=null, ={})
2024-09-05T12:49:16.902029300Z main ERROR File contains an invalid element or attribute "filePattern"
2024-09-05T12:49:16.902029300Z main ERROR appender File has no parameter that matches element SizeBasedTriggeringPolicy
2024-09-05T12:49:16.903028600Z main DEBUG Starting FileManager ./logs/opencart.log
2024-09-05T12:49:16.904029300Z main DEBUG Building Plugin[name=appenders, class=org.apache.logging.log4j.core.config.AppendersPlugin].
2024-09-05T12:49:16.904029300Z main DEBUG createAppenders(={Console, File})
2024-09-05T12:49:16.904029300Z main DEBUG Building Plugin[name=AppenderRef, class=org.apache.logging.log4j.core.config.AppenderRef].
2024-09-05T12:49:16.904029300Z main DEBUG createAppenderRef(ref="File", level="null", Filter=null)
2024-09-05T12:49:16.905029100Z main DEBUG Building Plugin[name=root, class=org.apache.logging.log4j.core.config.LoggerConfig$RootLogger].
2024-09-05T12:49:16.906028700Z main DEBUG LoggerConfig$RootLogger$Builder(additivity="null", level="INFO", levelAndRefs="null", includeLocation="null", ={File}, ={}, Configuration(C:\Workspace\Vee_learning\OpencartV1.1\target\test-classes\log4j2.xml), Filter=null)
2024-09-05T12:49:16.907047500Z main DEBUG Building Plugin[name=loggers, class=org.apache.logging.log4j.core.config.LoggersPlugin].
2024-09-05T12:49:16.908029500Z main DEBUG createLoggers(={root})
2024-09-05T12:49:16.908029500Z main DEBUG Configuration XmlConfiguration[location=C:\Workspace\Vee_learning\OpencartV1.1\target\test-classes\log4j2.xml] initialized
2024-09-05T12:49:16.908029500Z main DEBUG Starting configuration XmlConfiguration[location=C:\Workspace\Vee_learning\OpencartV1.1\target\test-classes\log4j2.xml]
2024-09-05T12:49:16.908029500Z main DEBUG Started configuration XmlConfiguration[location=C:\Workspace\Vee_learning\OpencartV1.1\target\test-classes\log4j2.xml] OK.
2024-09-05T12:49:16.908029500Z main DEBUG Shutting down OutputStreamManager SYSTEM_OUT.false.false-1
2024-09-05T12:49:16.909029Z main DEBUG OutputStream closed
2024-09-05T12:49:16.909029Z main DEBUG Shut down OutputStreamManager SYSTEM_OUT.false.false-1, all resources released: true
2024-09-05T12:49:16.909029Z main DEBUG Appender DefaultConsole-1 stopped with status true
2024-09-05T12:49:16.909029Z main DEBUG Stopped org.apache.logging.log4j.core.config.DefaultConfiguration@68d6972f OK
2024-09-05T12:49:17.017517800Z main DEBUG Registering MBean org.apache.logging.log4j2:type=70dea4e
2024-09-05T12:49:17.020521700Z main DEBUG Registering MBean org.apache.logging.log4j2:type=70dea4e,component=StatusLogger
2024-09-05T12:49:17.021527800Z main DEBUG Registering MBean org.apache.logging.log4j2:type=70dea4e,component=ContextSelector
2024-09-05T12:49:17.022521Z main DEBUG Registering MBean org.apache.logging.log4j2:type=70dea4e,component=Loggers,name=
2024-09-05T12:49:17.023520200Z main DEBUG Registering MBean org.apache.logging.log4j2:type=70dea4e,component=Appenders,name=Console
2024-09-05T12:49:17.023520200Z main DEBUG Registering MBean org.apache.logging.log4j2:type=70dea4e,component=Appenders,name=File
2024-09-05T12:49:17.024519500Z main DEBUG org.apache.logging.log4j.core.util.SystemClock supports precise timestamps.
2024-09-05T12:49:17.025521200Z main DEBUG Reconfiguration complete for context[name=70dea4e] at URI C:\Workspace\Vee_learning\OpencartV1.1\target\test-classes\log4j2.xml (org.apache.logging.log4j.core.LoggerContext@17f460bb) with optional ClassLoader: null
2024-09-05T12:49:17.025521200Z main DEBUG Shutdown hook enabled. Registering a new one.
2024-09-05T12:49:17.026516400Z main DEBUG LoggerContext[name=70dea4e, org.apache.logging.log4j.core.LoggerContext@17f460bb] started OK.
]]></system-out>
    <system-err><![CDATA[Sept 05, 2024 2:49:21 PM org.openqa.selenium.devtools.CdpVersionFinder findNearestMatch
WARNING: Unable to find an exact match for CDP version 128, returning the closest version; found: 127; Please update to a Selenium version that supports CDP version 128
]]></system-err>
  </testcase>
  <testcase name="SamsungToCart" classname="testCases.TC005_SamsungToCart" time="0.0">
    <failure message="Unresolved compilation problem: &#10;	The type Extendreports must implement the inherited abstract method ITestListener.onTestStart(ITestResult)&#10;" type="java.lang.Error"><![CDATA[java.lang.Error: 
Unresolved compilation problem: 
	The type Extendreports must implement the inherited abstract method ITestListener.onTestStart(ITestResult)

	at utilities.Extendreports.onTestStart(Extendreports.java:22)
	at org.testng.internal.Invoker.runTestListeners(Invoker.java:1904)
	at org.testng.internal.Invoker.runTestListeners(Invoker.java:1879)
	at org.testng.internal.Invoker.invokeMethod(Invoker.java:685)
	at org.testng.internal.Invoker.invokeTestMethod(Invoker.java:901)
	at org.testng.internal.Invoker.invokeTestMethods(Invoker.java:1231)
	at org.testng.internal.TestMethodWorker.invokeTestMethods(TestMethodWorker.java:127)
	at org.testng.internal.TestMethodWorker.run(TestMethodWorker.java:111)
	at org.testng.TestRunner.privateRun(TestRunner.java:767)
	at org.testng.TestRunner.run(TestRunner.java:617)
	at org.testng.SuiteRunner.runTest(SuiteRunner.java:334)
	at org.testng.SuiteRunner.runSequentially(SuiteRunner.java:329)
	at org.testng.SuiteRunner.privateRun(SuiteRunner.java:291)
	at org.testng.SuiteRunner.run(SuiteRunner.java:240)
	at org.testng.SuiteRunnerWorker.runSuite(SuiteRunnerWorker.java:52)
	at org.testng.SuiteRunnerWorker.run(SuiteRunnerWorker.java:86)
	at org.testng.TestNG.runSuitesSequentially(TestNG.java:1224)
	at org.testng.TestNG.runSuitesLocally(TestNG.java:1149)
	at org.testng.TestNG.run(TestNG.java:1057)
	at org.apache.maven.surefire.testng.TestNGExecutor.run(TestNGExecutor.java:308)
	at org.apache.maven.surefire.testng.TestNGXmlTestSuite.execute(TestNGXmlTestSuite.java:71)
	at org.apache.maven.surefire.testng.TestNGProvider.invoke(TestNGProvider.java:113)
	at org.apache.maven.surefire.booter.ForkedBooter.runSuitesInProcess(ForkedBooter.java:385)
	at org.apache.maven.surefire.booter.ForkedBooter.execute(ForkedBooter.java:162)
	at org.apache.maven.surefire.booter.ForkedBooter.run(ForkedBooter.java:507)
	at org.apache.maven.surefire.booter.ForkedBooter.main(ForkedBooter.java:495)
]]></failure>
    <system-err><![CDATA[Sept 05, 2024 2:49:26 PM org.openqa.selenium.devtools.CdpVersionFinder findNearestMatch
WARNING: Unable to find an exact match for CDP version 128, returning the closest version; found: 127; Please update to a Selenium version that supports CDP version 128
]]></system-err>
  </testcase>
</testsuite>