<?xml version="1.0" encoding="UTF-8"?>
<testsuite xmlns:xsi="http://www.w3.org/2001/XMLSchema-instance" xsi:noNamespaceSchemaLocation="https://maven.apache.org/surefire/maven-surefire-plugin/xsd/surefire-test-report.xsd" version="3.0.2" name="TestSuite" time="19.472" tests="2" errors="0" skipped="0" failures="0">
  <properties>
[...]
</properties>
  <testcase name="Addmac" classname="testCases.TC004_MacToCart" time="3.141">
    <system-out><![CDATA[2024-09-05T21:49:02.650890400Z main DEBUG Apache Log4j Core 2.23 initializing configuration XmlConfiguration[location=C:\Workspace\Vee_learning\OpencartV1.1\target\test-classes\log4j2.xml]
2024-09-05T21:49:02.652889600Z main DEBUG PluginManager 'Core' found 131 plugins
2024-09-05T21:49:02.652889600Z main DEBUG PluginManager 'Level' found 0 plugins
2024-09-05T21:49:02.656888100Z main DEBUG Building Plugin[name=property, class=org.apache.logging.log4j.core.config.Property].
2024-09-05T21:49:02.666890700Z main DEBUG PluginManager 'TypeConverter' found 26 plugins
2024-09-05T21:49:02.672224300Z main DEBUG createProperty(name="basePath", value="./logs", Configuration(C:\Workspace\Vee_learning\OpencartV1.1\target\test-classes\log4j2.xml))
2024-09-05T21:49:02.673224500Z main DEBUG Building Plugin[name=properties, class=org.apache.logging.log4j.core.config.PropertiesPlugin].
2024-09-05T21:49:02.675238700Z main DEBUG configureSubstitutor(={basePath=./logs}, Configuration(C:\Workspace\Vee_learning\OpencartV1.1\target\test-classes\log4j2.xml))
2024-09-05T21:49:02.676224600Z main DEBUG PluginManager 'Lookup' found 16 plugins
2024-09-05T21:49:02.676224600Z main DEBUG Building Plugin[name=layout, class=org.apache.logging.log4j.core.layout.PatternLayout].
2024-09-05T21:49:02.683223600Z main DEBUG PatternLayout$Builder(pattern="%d{HH:mm:ss.SSS} [%t] %-5level %logger{36} - %msg%n", PatternSelector=null, Configuration(C:\Workspace\Vee_learning\OpencartV1.1\target\test-classes\log4j2.xml), Replace=null, charset="null", alwaysWriteExceptions="null", disableAnsi="null", noConsoleNoAnsi="null", header="null", footer="null")
2024-09-05T21:49:02.683223600Z main DEBUG PluginManager 'Converter' found 45 plugins
2024-09-05T21:49:02.683223600Z main DEBUG Building Plugin[name=appender, class=org.apache.logging.log4j.core.appender.ConsoleAppender].
2024-09-05T21:49:02.689004500Z main DEBUG ConsoleAppender$Builder(target="SYSTEM_OUT", follow="null", direct="null", bufferedIo="null", bufferSize="null", immediateFlush="null", ignoreExceptions="null", PatternLayout(%d{HH:mm:ss.SSS} [%t] %-5level %logger{36} - %msg%n), name="Console", Configuration(C:\Workspace\Vee_learning\OpencartV1.1\target\test-classes\log4j2.xml), Filter=null, ={})
2024-09-05T21:49:02.691005500Z main DEBUG Starting OutputStreamManager SYSTEM_OUT.false.false
2024-09-05T21:49:02.691005500Z main DEBUG Building Plugin[name=layout, class=org.apache.logging.log4j.core.layout.PatternLayout].
2024-09-05T21:49:02.692271600Z main DEBUG PatternLayout$Builder(pattern="%d{HH:mm:ss.SSS} [%t] %-5level %logger{36} - %msg%n", PatternSelector=null, Configuration(C:\Workspace\Vee_learning\OpencartV1.1\target\test-classes\log4j2.xml), Replace=null, charset="null", alwaysWriteExceptions="null", disableAnsi="null", noConsoleNoAnsi="null", header="null", footer="null")
2024-09-05T21:49:02.692271600Z main DEBUG Building Plugin[name=SizeBasedTriggeringPolicy, class=org.apache.logging.log4j.core.appender.rolling.SizeBasedTriggeringPolicy].
2024-09-05T21:49:02.693927Z main DEBUG createPolicy(size="50000")
2024-09-05T21:49:02.695858400Z main DEBUG Building Plugin[name=appender, class=org.apache.logging.log4j.core.appender.FileAppender].
2024-09-05T21:49:02.697924700Z main DEBUG FileAppender$Builder(fileName="./logs/opencart.log", append="null", locking="null", advertise="null", advertiseUri="null", createOnDemand="null", filePermissions="null", fileOwner="null", fileGroup="null", bufferedIo="null", bufferSize="null", immediateFlush="null", ignoreExceptions="null", PatternLayout(%d{HH:mm:ss.SSS} [%t] %-5level %logger{36} - %msg%n), name="File", Configuration(C:\Workspace\Vee_learning\OpencartV1.1\target\test-classes\log4j2.xml), Filter=null, ={})
2024-09-05T21:49:02.697924700Z main ERROR File contains an invalid element or attribute "filePattern"
2024-09-05T21:49:02.697924700Z main ERROR appender File has no parameter that matches element SizeBasedTriggeringPolicy
2024-09-05T21:49:02.698917500Z main DEBUG Starting FileManager ./logs/opencart.log
2024-09-05T21:49:02.699926500Z main DEBUG Building Plugin[name=appenders, class=org.apache.logging.log4j.core.config.AppendersPlugin].
2024-09-05T21:49:02.699926500Z main DEBUG createAppenders(={Console, File})
2024-09-05T21:49:02.699926500Z main DEBUG Building Plugin[name=AppenderRef, class=org.apache.logging.log4j.core.config.AppenderRef].
2024-09-05T21:49:02.699926500Z main DEBUG createAppenderRef(ref="File", level="null", Filter=null)
2024-09-05T21:49:02.700923300Z main DEBUG Building Plugin[name=root, class=org.apache.logging.log4j.core.config.LoggerConfig$RootLogger].
2024-09-05T21:49:02.702922200Z main DEBUG LoggerConfig$RootLogger$Builder(additivity="null", level="INFO", levelAndRefs="null", includeLocation="null", ={File}, ={}, Configuration(C:\Workspace\Vee_learning\OpencartV1.1\target\test-classes\log4j2.xml), Filter=null)
2024-09-05T21:49:02.704920200Z main DEBUG Building Plugin[name=loggers, class=org.apache.logging.log4j.core.config.LoggersPlugin].
2024-09-05T21:49:02.704920200Z main DEBUG createLoggers(={root})
2024-09-05T21:49:02.704920200Z main DEBUG Configuration XmlConfiguration[location=C:\Workspace\Vee_learning\OpencartV1.1\target\test-classes\log4j2.xml] initialized
2024-09-05T21:49:02.704920200Z main DEBUG Starting configuration XmlConfiguration[location=C:\Workspace\Vee_learning\OpencartV1.1\target\test-classes\log4j2.xml]
2024-09-05T21:49:02.705930900Z main DEBUG Started configuration XmlConfiguration[location=C:\Workspace\Vee_learning\OpencartV1.1\target\test-classes\log4j2.xml] OK.
2024-09-05T21:49:02.705930900Z main DEBUG Shutting down OutputStreamManager SYSTEM_OUT.false.false-1
2024-09-05T21:49:02.705930900Z main DEBUG OutputStream closed
2024-09-05T21:49:02.706935400Z main DEBUG Shut down OutputStreamManager SYSTEM_OUT.false.false-1, all resources released: true
2024-09-05T21:49:02.706935400Z main DEBUG Appender DefaultConsole-1 stopped with status true
2024-09-05T21:49:02.706935400Z main DEBUG Stopped org.apache.logging.log4j.core.config.DefaultConfiguration@41e36e46 OK
2024-09-05T21:49:02.817058100Z main DEBUG Registering MBean org.apache.logging.log4j2:type=70dea4e
2024-09-05T21:49:02.818057700Z main DEBUG Registering MBean org.apache.logging.log4j2:type=70dea4e,component=StatusLogger
2024-09-05T21:49:02.819066700Z main DEBUG Registering MBean org.apache.logging.log4j2:type=70dea4e,component=ContextSelector
2024-09-05T21:49:02.820057700Z main DEBUG Registering MBean org.apache.logging.log4j2:type=70dea4e,component=Loggers,name=
2024-09-05T21:49:02.822059300Z main DEBUG Registering MBean org.apache.logging.log4j2:type=70dea4e,component=Appenders,name=Console
2024-09-05T21:49:02.822059300Z main DEBUG Registering MBean org.apache.logging.log4j2:type=70dea4e,component=Appenders,name=File
2024-09-05T21:49:02.823072100Z main DEBUG org.apache.logging.log4j.core.util.SystemClock supports precise timestamps.
2024-09-05T21:49:02.824063100Z main DEBUG Reconfiguration complete for context[name=70dea4e] at URI C:\Workspace\Vee_learning\OpencartV1.1\target\test-classes\log4j2.xml (org.apache.logging.log4j.core.LoggerContext@7f284218) with optional ClassLoader: null
2024-09-05T21:49:02.824063100Z main DEBUG Shutdown hook enabled. Registering a new one.
2024-09-05T21:49:02.825066600Z main DEBUG LoggerContext[name=70dea4e, org.apache.logging.log4j.core.LoggerContext@7f284218] started OK.
]]></system-out>
    <system-err><![CDATA[Sept 05, 2024 11:49:05 PM org.openqa.selenium.devtools.CdpVersionFinder findNearestMatch
WARNING: Unable to find an exact match for CDP version 128, returning the closest version; found: 127; Please update to a Selenium version that supports CDP version 128
]]></system-err>
  </testcase>
  <testcase name="SamsungToCart" classname="testCases.TC005_SamsungToCart" time="3.425">
    <system-err><![CDATA[Sept 05, 2024 11:49:13 PM org.openqa.selenium.devtools.CdpVersionFinder findNearestMatch
WARNING: Unable to find an exact match for CDP version 128, returning the closest version; found: 127; Please update to a Selenium version that supports CDP version 128
]]></system-err>
  </testcase>
</testsuite>