<?xml version="1.0" encoding="UTF-8"?>
<testng-results ignored="0" total="1" passed="1" failed="0" skipped="0">
  <reporter-output>
  </reporter-output>
  <suite started-at="2024-09-03T15:03:48 CEST" name="MasterSuite" finished-at="2024-09-03T15:04:05 CEST" duration-ms="17846">
    <groups>
    </groups>
    <test started-at="2024-09-03T15:03:48 CEST" name="Test" finished-at="2024-09-03T15:04:05 CEST" duration-ms="17846">
      <class name="testCases.TC005_SamsungToCart">
        <test-method is-config="true" signature="setup(java.lang.String,java.lang.String)[pri:0, instance:testCases.TC005_SamsungToCart@57a3af25]" started-at="2024-09-03T15:03:48 CEST" name="setup" finished-at="2024-09-03T15:03:59 CEST" duration-ms="11103" status="PASS">
          <params>
            <param index="0">
              <value>
                <![CDATA[Linux]]>
              </value>
            </param>
            <param index="1">
              <value>
                <![CDATA[chrome]]>
              </value>
            </param>
          </params>
          <reporter-output>
          </reporter-output>
        </test-method> <!-- setup -->
        <test-method signature="SamsungToCart()[pri:0, instance:testCases.TC005_SamsungToCart@57a3af25]" started-at="2024-09-03T15:03:59 CEST" name="SamsungToCart" finished-at="2024-09-03T15:04:05 CEST" duration-ms="6105" status="PASS">
          <reporter-output>
          </reporter-output>
        </test-method> <!-- SamsungToCart -->
        <test-method is-config="true" signature="teardown()[pri:0, instance:testCases.TC005_SamsungToCart@57a3af25]" started-at="2024-09-03T15:04:05 CEST" name="teardown" finished-at="2024-09-03T15:04:05 CEST" duration-ms="216" status="PASS">
          <reporter-output>
          </reporter-output>
        </test-method> <!-- teardown -->
      </class> <!-- testCases.TC005_SamsungToCart -->
    </test> <!-- Test -->
  </suite> <!-- MasterSuite -->
</testng-results>
